<testsuites id="" name="" tests="4" failures="4" skipped="0" errors="0" time="12.545384">
<testsuite name="main-fixture.e2e.spec.ts" timestamp="2025-12-08T00:52:36.587Z" hostname="chromium" tests="4" failures="4" skipped="0" time="1.919" errors="0">
<testcase name="fixture-based Main page test example › the main page should has title" classname="main-fixture.e2e.spec.ts" time="0.364">
<failure message="main-fixture.e2e.spec.ts:6:9 the main page should has title" type="FAILURE">
<![CDATA[  [chromium] › main-fixture.e2e.spec.ts:6:9 › fixture-based Main page test example › the main page should has title @fixture 

    Error: page.goto: net::ERR_INTERNET_DISCONNECTED at https://playwright.dev/
    Call log:
      - navigating to "https://playwright.dev/", waiting until "load"


       at ..\src\pages\main.page.ts:38

      36 |
      37 |     public async goTo(url = this._url): Promise<void> {
    > 38 |         await this.page.goto(url);
         |                         ^
      39 |     }
      40 |
      41 |     public async verifyTitle(expectedTitle: string): Promise<void> {
        at MainPage.goTo (D:\other\robot_dreams\AQA-TypeScript\lesson21-Test-Report\playwright-fixture\src\pages\main.page.ts:38:25)
        at Object.mainPage (D:\other\robot_dreams\AQA-TypeScript\lesson21-Test-Report\playwright-fixture\src\fixtures\playwright-site.fixture.ts:19:24)

    Error Context: ..\test-results\main-fixture.e2e-fixture-b-65cf3--main-page-should-has-title-chromium\error-context.md
]]>
</failure>
<system-out>
<![CDATA[chromium

[[ATTACHMENT|..\test-results\main-fixture.e2e-fixture-b-65cf3--main-page-should-has-title-chromium\error-context.md]]
]]>
</system-out>
</testcase>
<testcase name="fixture-based Main page test example › the getStartedButton on main page should redirect to /docs/intro page" classname="main-fixture.e2e.spec.ts" time="0.549">
<failure message="main-fixture.e2e.spec.ts:12:9 the getStartedButton on main page should redirect to /docs/intro page" type="FAILURE">
<![CDATA[  [chromium] › main-fixture.e2e.spec.ts:12:9 › fixture-based Main page test example › the getStartedButton on main page should redirect to /docs/intro page @fixture 

    Error: page.goto: net::ERR_INTERNET_DISCONNECTED at https://playwright.dev/
    Call log:
      - navigating to "https://playwright.dev/", waiting until "load"


       at ..\src\pages\main.page.ts:38

      36 |
      37 |     public async goTo(url = this._url): Promise<void> {
    > 38 |         await this.page.goto(url);
         |                         ^
      39 |     }
      40 |
      41 |     public async verifyTitle(expectedTitle: string): Promise<void> {
        at MainPage.goTo (D:\other\robot_dreams\AQA-TypeScript\lesson21-Test-Report\playwright-fixture\src\pages\main.page.ts:38:25)
        at Object.mainPage (D:\other\robot_dreams\AQA-TypeScript\lesson21-Test-Report\playwright-fixture\src\fixtures\playwright-site.fixture.ts:19:24)

    Error Context: ..\test-results\main-fixture.e2e-fixture-b-30602-redirect-to-docs-intro-page-chromium\error-context.md
]]>
</failure>
<system-out>
<![CDATA[chromium

[[ATTACHMENT|..\test-results\main-fixture.e2e-fixture-b-30602-redirect-to-docs-intro-page-chromium\error-context.md]]
]]>
</system-out>
</testcase>
<testcase name="fixture-based Main page test example › header switch btn should change theme color" classname="main-fixture.e2e.spec.ts" time="0.69">
<failure message="main-fixture.e2e.spec.ts:92:9 header switch btn should change theme color" type="FAILURE">
<![CDATA[  [chromium] › main-fixture.e2e.spec.ts:92:9 › fixture-based Main page test example › header switch btn should change theme color @fixture 

    Error: page.goto: net::ERR_INTERNET_DISCONNECTED at https://playwright.dev/
    Call log:
      - navigating to "https://playwright.dev/", waiting until "load"


       at ..\src\pages\main.page.ts:38

      36 |
      37 |     public async goTo(url = this._url): Promise<void> {
    > 38 |         await this.page.goto(url);
         |                         ^
      39 |     }
      40 |
      41 |     public async verifyTitle(expectedTitle: string): Promise<void> {
        at MainPage.goTo (D:\other\robot_dreams\AQA-TypeScript\lesson21-Test-Report\playwright-fixture\src\pages\main.page.ts:38:25)
        at Object.mainPage (D:\other\robot_dreams\AQA-TypeScript\lesson21-Test-Report\playwright-fixture\src\fixtures\playwright-site.fixture.ts:19:24)

    Error Context: ..\test-results\main-fixture.e2e-fixture-b-1b615-n-should-change-theme-color-chromium\error-context.md
]]>
</failure>
<system-out>
<![CDATA[chromium

[[ATTACHMENT|..\test-results\main-fixture.e2e-fixture-b-1b615-n-should-change-theme-color-chromium\error-context.md]]
]]>
</system-out>
</testcase>
<testcase name="fixture-based Main page test example › modal search should be opened" classname="main-fixture.e2e.spec.ts" time="0.316">
<failure message="main-fixture.e2e.spec.ts:128:9 modal search should be opened" type="FAILURE">
<![CDATA[  [chromium] › main-fixture.e2e.spec.ts:128:9 › fixture-based Main page test example › modal search should be opened @fixture 

    Error: page.goto: net::ERR_INTERNET_DISCONNECTED at https://playwright.dev/
    Call log:
      - navigating to "https://playwright.dev/", waiting until "load"


       at ..\src\pages\main.page.ts:38

      36 |
      37 |     public async goTo(url = this._url): Promise<void> {
    > 38 |         await this.page.goto(url);
         |                         ^
      39 |     }
      40 |
      41 |     public async verifyTitle(expectedTitle: string): Promise<void> {
        at MainPage.goTo (D:\other\robot_dreams\AQA-TypeScript\lesson21-Test-Report\playwright-fixture\src\pages\main.page.ts:38:25)
        at Object.mainPage (D:\other\robot_dreams\AQA-TypeScript\lesson21-Test-Report\playwright-fixture\src\fixtures\playwright-site.fixture.ts:19:24)

    Error Context: ..\test-results\main-fixture.e2e-fixture-b-de3ce-dal-search-should-be-opened-chromium\error-context.md
]]>
</failure>
<system-out>
<![CDATA[chromium

[[ATTACHMENT|..\test-results\main-fixture.e2e-fixture-b-de3ce-dal-search-should-be-opened-chromium\error-context.md]]
]]>
</system-out>
</testcase>
</testsuite>
</testsuites>