<testsuites id="" name="" tests="12" failures="5" skipped="0" errors="0" time="60.090616000000004">
<testsuite name="main-fixture.e2e.spec.ts" timestamp="2025-12-07T20:31:45.253Z" hostname="-latest:OSX Big Sur-browserstack" tests="4" failures="1" skipped="0" time="51.263" errors="0">
<testcase name="fixture-based Main page test example › the main page should has title" classname="main-fixture.e2e.spec.ts" time="4.238">
<system-out>
<![CDATA[2025-12-07 22:31:49 - [32minfo[39m: [BrowserstackCLI] Starting as child process with session ID: 0295be51-b7d2-4853-b991-3dbf65bf96e4
2025-12-07 22:31:49 - [32minfo[39m: [BrowserstackCLI] startChild: client and channel already exist, stopping here
2025-12-07 22:31:49 - [32minfo[39m: [PlaywrightAutomationFramework] trackPlaywrightInstance: created instance for target=12772:0, state=AutomationFrameworkState.CREATE
2025-12-07 22:31:49 - [32minfo[39m: [PlaywrightAutomationFramework] trackPlaywrightInstance: saved instance contextId=1dfa7591ab98e757430934e48041e7a4955f7aaa14dc1fb607866a0375e9c6d5 target=12772:0
2025-12-07 22:31:53 - [32minfo[39m: [PlaywrightAutomationFramework] trackPlaywrightInstance: instance already exists
2025-12-07 22:31:53 - [32minfo[39m: [PlaywrightAutomationFramework] trackPlaywrightInstance: instance already exists
2025-12-07 22:31:53 - [32minfo[39m: [GrpcClient] Sending DriverInit
2025-12-07 22:31:53 - [32minfo[39m: [GrpcClient] DriverInit request successful
chromium
2025-12-07 22:31:56 - [32minfo[39m: [PlaywrightAutomationFramework] trackPlaywrightInstance: instance already exists
2025-12-07 22:31:56 - [32minfo[39m: [GrpcClient] Sending TestSessionEvent
2025-12-07 22:31:56 - [32minfo[39m: [GrpcClient] TestSessionEvent request successful
2025-12-07 22:31:56 - [32minfo[39m: [ObservabilityModule] onBeforeTest: TEST REPORTING AND ANALYTICS sync done
2025-12-07 22:31:57 - [32minfo[39m: [PlaywrightDriverModule] testId: 4c4954beab26506ff037-eb5578ce995625d6b668
2025-12-07 22:31:57 - [32minfo[39m: [PlaywrightDriverModule] testData from onAfterTest: {
  uuid: 'd5791640-fff8-46aa-9fbc-625acd96591b',
  test_framework_name: 'Playwright',
  test_framework_version: '1.56.1',
  test_logs: [],
  test_hooks_finished: {},
  test_hooks_started: {},
  test_uuid: 'd5791640-fff8-46aa-9fbc-625acd96591b',
  test_result: 'pending',
  automate_session_name: 'fixture-based Main page test example - the main page should has title',
  test_file_path: 'D:\\other\\robot_dreams\\AQA-TypeScript\\lesson21-Test-Report\\playwright-fixture\\tests\\main-fixture.e2e.spec.ts',
  test_id: '4c4954beab26506ff037-eb5578ce995625d6b668',
  test_name: 'the main page should has title',
  test_location: 'D:\\other\\robot_dreams\\AQA-TypeScript\\lesson21-Test-Report\\playwright-fixture\\tests\\main-fixture.e2e.spec.ts:6',
  test_code: 'async ({\n' +
    '    mainPage\n' +
    '  }) => {\n' +
    "    await _playwrightSite.test.step('verify title on main page', async () => {\n" +
    "      await mainPage.verifyTitle('Fast and reliable end-to-end testing for modern web apps | Playwright');\n" +
    '    });\n' +
    '  }',
  test_tags: [ 'fixture' ],
  test_started_at: '2025-12-07T20:31:49.409Z',
  test_scope: 'fixture-based Main page test example - the main page should has title',
  test_scopes: [ 'fixture-based Main page test example' ],
  test_rerun_name: ' -latest:OSX Big Sur-browserstack main-fixture.e2e.spec.ts fixture-based Main page test example @fixture the main page should has title'
}
2025-12-07 22:31:57 - [32minfo[39m: [GrpcClient] Sending TestSessionEvent
2025-12-07 22:31:57 - [32minfo[39m: [GrpcClient] TestSessionEvent request successful
]]>
</system-out>
</testcase>
<testcase name="fixture-based Main page test example › the getStartedButton on main page should redirect to /docs/intro page" classname="main-fixture.e2e.spec.ts" time="4.416">
<system-out>
<![CDATA[chromium
2025-12-07 22:32:01 - [32minfo[39m: [PlaywrightAutomationFramework] trackPlaywrightInstance: instance already exists
2025-12-07 22:32:01 - [32minfo[39m: [GrpcClient] Sending TestSessionEvent
2025-12-07 22:32:01 - [32minfo[39m: [GrpcClient] TestSessionEvent request successful
2025-12-07 22:32:01 - [32minfo[39m: [ObservabilityModule] onBeforeTest: TEST REPORTING AND ANALYTICS sync done
2025-12-07 22:32:01 - [32minfo[39m: [PlaywrightDriverModule] testId: 4c4954beab26506ff037-c536975ad0fea65a05e5
2025-12-07 22:32:01 - [32minfo[39m: [PlaywrightDriverModule] testData from onAfterTest: {
  uuid: 'f068fdd1-8d0d-4408-b059-6a1353ba0c47',
  test_framework_name: 'Playwright',
  test_framework_version: '1.56.1',
  test_logs: [],
  test_hooks_finished: {},
  test_hooks_started: {},
  test_uuid: 'f068fdd1-8d0d-4408-b059-6a1353ba0c47',
  test_result: 'pending',
  automate_session_name: 'fixture-based Main page test example - the getStartedButton on main page should redirect to /docs/intro page',
  test_file_path: 'D:\\other\\robot_dreams\\AQA-TypeScript\\lesson21-Test-Report\\playwright-fixture\\tests\\main-fixture.e2e.spec.ts',
  test_id: '4c4954beab26506ff037-c536975ad0fea65a05e5',
  test_name: 'the getStartedButton on main page should redirect to /docs/intro page',
  test_location: 'D:\\other\\robot_dreams\\AQA-TypeScript\\lesson21-Test-Report\\playwright-fixture\\tests\\main-fixture.e2e.spec.ts:12',
  test_code: 'async ({\n' +
    '    mainPage\n' +
    '  }) => {\n' +
    "    await _playwrightSite.test.step('click on getStarted button on main page', async () => {\n" +
    '      await mainPage.clickGetStarted();\n' +
    '    });\n' +
    "    await _playwrightSite.test.step('check redirect to /docs/intro page', async () => {\n" +
    "      await (0, _test.expect)(mainPage.page).toHaveURL('https://playwright.dev/docs/intro');\n" +
    '      // will it be better code bellow?\n' +
    "      await (0, _test.expect)(mainPage.page).toHaveTitle('Installation | Playwright');\n" +
    "      await (0, _test.expect)(mainPage.page.waitForURL('https://playwright.dev/docs/intro')).toBeTruthy();\n" +
    '    });\n' +
    "    await _playwrightSite.test.step('verify title on /docs/intro page', async () => {\n" +
    "      await mainPage.verifyTitle('Installation | Playwright');\n" +
    '      await mainPage.page.screenshot({\n' +
    "        path: 'tests/screenshots/getStartedButton-redirect-to-docs-intro.jpeg'\n" +
    '      });\n' +
    '    });\n' +
    '  }',
  test_tags: [ 'fixture' ],
  test_started_at: '2025-12-07T20:31:57.661Z',
  test_scope: 'fixture-based Main page test example - the getStartedButton on main page should redirect to /docs/intro page',
  test_scopes: [ 'fixture-based Main page test example' ],
  test_rerun_name: ' -latest:OSX Big Sur-browserstack main-fixture.e2e.spec.ts fixture-based Main page test example @fixture the getStartedButton on main page should redirect to /docs/intro page',
  attachments: [
    {
      name: 'screenshot',
      path: 'tests/screenshots/getStartedButton-redirect-to-docs-intro.jpeg'
    }
  ]
}
2025-12-07 22:32:01 - [32minfo[39m: [GrpcClient] Sending TestSessionEvent
2025-12-07 22:32:01 - [32minfo[39m: [GrpcClient] TestSessionEvent request successful
]]>
</system-out>
</testcase>
<testcase name="fixture-based Main page test example › header switch btn should change theme color" classname="main-fixture.e2e.spec.ts" time="9.093">
<system-out>
<![CDATA[chromium
2025-12-07 22:32:10 - [32minfo[39m: [PlaywrightAutomationFramework] trackPlaywrightInstance: instance already exists
2025-12-07 22:32:10 - [32minfo[39m: [GrpcClient] Sending TestSessionEvent
2025-12-07 22:32:10 - [32minfo[39m: [GrpcClient] TestSessionEvent request successful
2025-12-07 22:32:10 - [32minfo[39m: [ObservabilityModule] onBeforeTest: TEST REPORTING AND ANALYTICS sync done
2025-12-07 22:32:10 - [32minfo[39m: [PlaywrightDriverModule] testId: 4c4954beab26506ff037-0a05d762120528d50a40
2025-12-07 22:32:10 - [32minfo[39m: [PlaywrightDriverModule] testData from onAfterTest: {
  uuid: '6e33b3b2-18d8-45ca-9e2f-dc3cd2f40c54',
  test_framework_name: 'Playwright',
  test_framework_version: '1.56.1',
  test_logs: [],
  test_hooks_finished: {},
  test_hooks_started: {},
  test_uuid: '6e33b3b2-18d8-45ca-9e2f-dc3cd2f40c54',
  test_result: 'pending',
  automate_session_name: 'fixture-based Main page test example - header switch btn should change theme color',
  test_file_path: 'D:\\other\\robot_dreams\\AQA-TypeScript\\lesson21-Test-Report\\playwright-fixture\\tests\\main-fixture.e2e.spec.ts',
  test_id: '4c4954beab26506ff037-0a05d762120528d50a40',
  test_name: 'header switch btn should change theme color',
  test_location: 'D:\\other\\robot_dreams\\AQA-TypeScript\\lesson21-Test-Report\\playwright-fixture\\tests\\main-fixture.e2e.spec.ts:92',
  test_code: 'async ({\n' +
    '    mainPage\n' +
    '  }) => {\n' +
    "    await _playwrightSite.test.step('check background color', async () => {\n" +
    "      const theme = await mainPage.htmlElement.getAttribute('data-theme-choice');\n" +
    "      (0, _test.expect)(theme).toBe('system');\n" +
    '    });\n' +
    '    await mainPage.page.screenshot({\n' +
    "      path: 'tests/screenshots/switch-mode-system-beginning.jpeg'\n" +
    '    });\n' +
    '    await mainPage.page.waitForTimeout(1000); // Waits for 1 seconds\n' +
    "    await _playwrightSite.test.step('click switch button', async () => {\n" +
    '      await mainPage.headerComponent.clickSwitchModesButton();\n' +
    '    });\n' +
    "    await _playwrightSite.test.step('check background color', async () => {\n" +
    "      const theme = await mainPage.htmlElement.getAttribute('data-theme-choice');\n" +
    "      (0, _test.expect)(theme).toBe('light');\n" +
    '    });\n' +
    '    await mainPage.page.screenshot({\n' +
    "      path: 'tests/screenshots/switch-mode-light.jpeg'\n" +
    '    });\n' +
    '    await mainPage.page.waitForTimeout(1000); // Waits for 1 seconds\n' +
    "    await _playwrightSite.test.step('click switch button', async () => {\n" +
    '      await mainPage.headerComponent.clickSwitchModesButton();\n' +
    '    });\n' +
    "    await _playwrightSite.test.step('check background color', async () => {\n" +
    "      const theme = await mainPage.htmlElement.getAttribute('data-theme-choice');\n" +
    "      (0, _test.expect)(theme).toBe('dark');\n" +
    '    });\n' +
    '    await mainPage.page.screenshot({\n' +
    "      path: 'tests/screenshots/switch-mode-dark.jpeg'\n" +
    '    });\n' +
    '    await mainPage.page.waitForTimeout(1000); // Waits for 1 seconds\n' +
    "    await _playwrightSite.test.step('click switch button', async () => {\n" +
    '      await mainPage.headerComponent.clickSwitchModesButton();\n' +
    '    });\n' +
    "    await _playwrightSite.test.step('check background color', async () => {\n" +
    "      const theme = await mainPage.htmlElement.getAttribute('data-theme-choice');\n" +
    "      (0, _test.expect)(theme).toBe('system');\n" +
    '    });\n' +
    '    await mainPage.page.screenshot({\n' +
    "      path: 'tests/screenshots/switch-mode-system-end.jpeg'\n" +
    '    });\n' +
    '    await mainPage.page.waitForTimeout(1000); // Waits for 1 seconds\n' +
    '  }',
  test_tags: [ 'fixture' ],
  test_started_at: '2025-12-07T20:32:02.097Z',
  test_scope: 'fixture-based Main page test example - header switch btn should change theme color',
  test_scopes: [ 'fixture-based Main page test example' ],
  test_rerun_name: ' -latest:OSX Big Sur-browserstack main-fixture.e2e.spec.ts fixture-based Main page test example @fixture header switch btn should change theme color',
  attachments: [
    {
      name: 'screenshot',
      path: 'tests/screenshots/switch-mode-system-end.jpeg'
    },
    {
      name: 'screenshot',
      path: 'tests/screenshots/switch-mode-dark.jpeg'
    },
    {
      name: 'screenshot',
      path: 'tests/screenshots/switch-mode-light.jpeg'
    },
    {
      name: 'screenshot',
      path: 'tests/screenshots/switch-mode-system-beginning.jpeg'
    }
  ]
}
2025-12-07 22:32:10 - [32minfo[39m: [GrpcClient] Sending TestSessionEvent
2025-12-07 22:32:10 - [32minfo[39m: [GrpcClient] TestSessionEvent request successful
]]>
</system-out>
</testcase>
<testcase name="fixture-based Main page test example › modal search should be opened" classname="main-fixture.e2e.spec.ts" time="33.516">
<failure message="main-fixture.e2e.spec.ts:128:9 modal search should be opened" type="FAILURE">
<![CDATA[  [-latest:OSX Big Sur-browserstack] › main-fixture.e2e.spec.ts:128:9 › fixture-based Main page test example › modal search should be opened @fixture › click search button 

    TimeoutError: locator.click: Timeout 30000ms exceeded.
    Call log:
      - waiting for locator('nav[aria-label="Main"]').locator('button[aria-label="Search (Ctrl+K)"]')


       at ..\src\components\header.component.ts:31

      29 |
      30 |     public async clickSearchButton(): Promise<void> {
    > 31 |         await this.searchButton.click();
         |                                 ^
      32 |     }
      33 |
      34 |     public async clickSwitchModesButton(): Promise<void> {
        at HeaderComponent.clickSearchButton (D:\other\robot_dreams\AQA-TypeScript\lesson21-Test-Report\playwright-fixture\src\components\header.component.ts:31:33)
        at D:\other\robot_dreams\AQA-TypeScript\lesson21-Test-Report\playwright-fixture\tests\main-fixture.e2e.spec.ts:130:44
        at D:\other\robot_dreams\AQA-TypeScript\lesson21-Test-Report\playwright-fixture\tests\main-fixture.e2e.spec.ts:129:20
]]>
</failure>
<system-out>
<![CDATA[chromium
2025-12-07 22:32:43 - [32minfo[39m: [PlaywrightAutomationFramework] trackPlaywrightInstance: instance already exists
2025-12-07 22:32:43 - [32minfo[39m: [GrpcClient] Sending TestSessionEvent
2025-12-07 22:32:43 - [32minfo[39m: [GrpcClient] TestSessionEvent request successful
2025-12-07 22:32:43 - [32minfo[39m: [ObservabilityModule] onBeforeTest: TEST REPORTING AND ANALYTICS sync done
2025-12-07 22:32:44 - [32minfo[39m: [PlaywrightDriverModule] testId: 4c4954beab26506ff037-5b14c0c38d7b01755d0c
2025-12-07 22:32:44 - [32minfo[39m: [PlaywrightDriverModule] testData from onAfterTest: {
  uuid: '00e156af-6095-4285-aee0-535b0557a9ec',
  test_framework_name: 'Playwright',
  test_framework_version: '1.56.1',
  test_logs: [],
  test_hooks_finished: {},
  test_hooks_started: {},
  test_uuid: '00e156af-6095-4285-aee0-535b0557a9ec',
  test_result: 'pending',
  automate_session_name: 'fixture-based Main page test example - modal search should be opened',
  test_file_path: 'D:\\other\\robot_dreams\\AQA-TypeScript\\lesson21-Test-Report\\playwright-fixture\\tests\\main-fixture.e2e.spec.ts',
  test_id: '4c4954beab26506ff037-5b14c0c38d7b01755d0c',
  test_name: 'modal search should be opened',
  test_location: 'D:\\other\\robot_dreams\\AQA-TypeScript\\lesson21-Test-Report\\playwright-fixture\\tests\\main-fixture.e2e.spec.ts:128',
  test_code: 'async ({\n' +
    '    mainPage\n' +
    '  }) => {\n' +
    "    await _playwrightSite.test.step('click search button', async () => {\n" +
    '      await mainPage.headerComponent.clickSearchButton();\n' +
    '    });\n' +
    '    await mainPage.page.waitForTimeout(1000); // Waits for 1 seconds\n' +
    "    await _playwrightSite.test.step('check modal is opened', async () => {\n" +
    "      const inputData = 'assertions';\n" +
    '      await mainPage.modalComponent.fillSearchInput(inputData);\n' +
    '      await (0, _test.expect)(mainPage.modalComponent.searchInput).toHaveValue(inputData);\n' +
    '    });\n' +
    '    await mainPage.page.screenshot({\n' +
    "      path: 'tests/screenshots/modal-search-filled.jpeg'\n" +
    '    });\n' +
    '    await mainPage.page.waitForTimeout(1000); // Waits for 1 seconds\n' +
    '  }',
  test_tags: [ 'fixture' ],
  test_started_at: '2025-12-07T20:32:11.216Z',
  test_scope: 'fixture-based Main page test example - modal search should be opened',
  test_scopes: [ 'fixture-based Main page test example' ],
  test_rerun_name: ' -latest:OSX Big Sur-browserstack main-fixture.e2e.spec.ts fixture-based Main page test example @fixture modal search should be opened'
}
2025-12-07 22:32:44 - [32minfo[39m: [GrpcClient] Sending TestSessionEvent
2025-12-07 22:32:44 - [32minfo[39m: [GrpcClient] TestSessionEvent request successful
]]>
</system-out>
</testcase>
</testsuite>
<testsuite name="main-fixture.e2e.spec.ts" timestamp="2025-12-07T20:31:45.253Z" hostname="-latest:Windows 10-browserstack" tests="4" failures="0" skipped="0" time="29.872" errors="0">
<testcase name="fixture-based Main page test example › the main page should has title" classname="main-fixture.e2e.spec.ts" time="4.89">
<system-out>
<![CDATA[2025-12-07 22:31:49 - [32minfo[39m: [BrowserstackCLI] Starting as child process with session ID: 0295be51-b7d2-4853-b991-3dbf65bf96e4
2025-12-07 22:31:49 - [32minfo[39m: [BrowserstackCLI] startChild: client and channel already exist, stopping here
2025-12-07 22:31:49 - [32minfo[39m: [PlaywrightAutomationFramework] trackPlaywrightInstance: created instance for target=22140:0, state=AutomationFrameworkState.CREATE
2025-12-07 22:31:49 - [32minfo[39m: [PlaywrightAutomationFramework] trackPlaywrightInstance: saved instance contextId=54e60d5026da2b3894bc2433596e775ad42ad202ec29d6ca1057cd4f04065f84 target=22140:0
2025-12-07 22:31:54 - [32minfo[39m: [PlaywrightAutomationFramework] trackPlaywrightInstance: instance already exists
2025-12-07 22:31:54 - [32minfo[39m: [PlaywrightAutomationFramework] trackPlaywrightInstance: instance already exists
2025-12-07 22:31:54 - [32minfo[39m: [GrpcClient] Sending DriverInit
2025-12-07 22:31:54 - [32minfo[39m: [GrpcClient] DriverInit request successful
chromium
2025-12-07 22:31:58 - [32minfo[39m: [PlaywrightAutomationFramework] trackPlaywrightInstance: instance already exists
2025-12-07 22:31:58 - [32minfo[39m: [GrpcClient] Sending TestSessionEvent
2025-12-07 22:31:58 - [32minfo[39m: [GrpcClient] TestSessionEvent request successful
2025-12-07 22:31:58 - [32minfo[39m: [ObservabilityModule] onBeforeTest: TEST REPORTING AND ANALYTICS sync done
2025-12-07 22:31:59 - [32minfo[39m: [PlaywrightDriverModule] testId: 4c4954beab26506ff037-4b06b46f58893c003f55
2025-12-07 22:31:59 - [32minfo[39m: [PlaywrightDriverModule] testData from onAfterTest: {
  uuid: 'e577764e-7bf9-4f1c-a152-0719488ecd8b',
  test_framework_name: 'Playwright',
  test_framework_version: '1.56.1',
  test_logs: [],
  test_hooks_finished: {},
  test_hooks_started: {},
  test_uuid: 'e577764e-7bf9-4f1c-a152-0719488ecd8b',
  test_result: 'pending',
  automate_session_name: 'fixture-based Main page test example - the main page should has title',
  test_file_path: 'D:\\other\\robot_dreams\\AQA-TypeScript\\lesson21-Test-Report\\playwright-fixture\\tests\\main-fixture.e2e.spec.ts',
  test_id: '4c4954beab26506ff037-4b06b46f58893c003f55',
  test_name: 'the main page should has title',
  test_location: 'D:\\other\\robot_dreams\\AQA-TypeScript\\lesson21-Test-Report\\playwright-fixture\\tests\\main-fixture.e2e.spec.ts:6',
  test_code: 'async ({\n' +
    '    mainPage\n' +
    '  }) => {\n' +
    "    await _playwrightSite.test.step('verify title on main page', async () => {\n" +
    "      await mainPage.verifyTitle('Fast and reliable end-to-end testing for modern web apps | Playwright');\n" +
    '    });\n' +
    '  }',
  test_tags: [ 'fixture' ],
  test_started_at: '2025-12-07T20:31:49.406Z',
  test_scope: 'fixture-based Main page test example - the main page should has title',
  test_scopes: [ 'fixture-based Main page test example' ],
  test_rerun_name: ' -latest:Windows 10-browserstack main-fixture.e2e.spec.ts fixture-based Main page test example @fixture the main page should has title'
}
2025-12-07 22:31:59 - [32minfo[39m: [GrpcClient] Sending TestSessionEvent
2025-12-07 22:31:59 - [32minfo[39m: [GrpcClient] TestSessionEvent request successful
]]>
</system-out>
</testcase>
<testcase name="fixture-based Main page test example › the getStartedButton on main page should redirect to /docs/intro page" classname="main-fixture.e2e.spec.ts" time="7.718">
<system-out>
<![CDATA[chromium
2025-12-07 22:32:06 - [32minfo[39m: [PlaywrightAutomationFramework] trackPlaywrightInstance: instance already exists
2025-12-07 22:32:06 - [32minfo[39m: [GrpcClient] Sending TestSessionEvent
2025-12-07 22:32:06 - [32minfo[39m: [GrpcClient] TestSessionEvent request successful
2025-12-07 22:32:06 - [32minfo[39m: [ObservabilityModule] onBeforeTest: TEST REPORTING AND ANALYTICS sync done
2025-12-07 22:32:06 - [32minfo[39m: [PlaywrightDriverModule] testId: 4c4954beab26506ff037-f0d79202f5dc1a123280
2025-12-07 22:32:06 - [32minfo[39m: [PlaywrightDriverModule] testData from onAfterTest: {
  uuid: 'a4a83aca-f741-450c-bfc2-41ad0bf8a8fe',
  test_framework_name: 'Playwright',
  test_framework_version: '1.56.1',
  test_logs: [],
  test_hooks_finished: {},
  test_hooks_started: {},
  test_uuid: 'a4a83aca-f741-450c-bfc2-41ad0bf8a8fe',
  test_result: 'pending',
  automate_session_name: 'fixture-based Main page test example - the getStartedButton on main page should redirect to /docs/intro page',
  test_file_path: 'D:\\other\\robot_dreams\\AQA-TypeScript\\lesson21-Test-Report\\playwright-fixture\\tests\\main-fixture.e2e.spec.ts',
  test_id: '4c4954beab26506ff037-f0d79202f5dc1a123280',
  test_name: 'the getStartedButton on main page should redirect to /docs/intro page',
  test_location: 'D:\\other\\robot_dreams\\AQA-TypeScript\\lesson21-Test-Report\\playwright-fixture\\tests\\main-fixture.e2e.spec.ts:12',
  test_code: 'async ({\n' +
    '    mainPage\n' +
    '  }) => {\n' +
    "    await _playwrightSite.test.step('click on getStarted button on main page', async () => {\n" +
    '      await mainPage.clickGetStarted();\n' +
    '    });\n' +
    "    await _playwrightSite.test.step('check redirect to /docs/intro page', async () => {\n" +
    "      await (0, _test.expect)(mainPage.page).toHaveURL('https://playwright.dev/docs/intro');\n" +
    '      // will it be better code bellow?\n' +
    "      await (0, _test.expect)(mainPage.page).toHaveTitle('Installation | Playwright');\n" +
    "      await (0, _test.expect)(mainPage.page.waitForURL('https://playwright.dev/docs/intro')).toBeTruthy();\n" +
    '    });\n' +
    "    await _playwrightSite.test.step('verify title on /docs/intro page', async () => {\n" +
    "      await mainPage.verifyTitle('Installation | Playwright');\n" +
    '      await mainPage.page.screenshot({\n' +
    "        path: 'tests/screenshots/getStartedButton-redirect-to-docs-intro.jpeg'\n" +
    '      });\n' +
    '    });\n' +
    '  }',
  test_tags: [ 'fixture' ],
  test_started_at: '2025-12-07T20:31:59.718Z',
  test_scope: 'fixture-based Main page test example - the getStartedButton on main page should redirect to /docs/intro page',
  test_scopes: [ 'fixture-based Main page test example' ],
  test_rerun_name: ' -latest:Windows 10-browserstack main-fixture.e2e.spec.ts fixture-based Main page test example @fixture the getStartedButton on main page should redirect to /docs/intro page',
  attachments: [
    {
      name: 'screenshot',
      path: 'tests/screenshots/getStartedButton-redirect-to-docs-intro.jpeg'
    }
  ]
}
2025-12-07 22:32:06 - [32minfo[39m: [GrpcClient] Sending TestSessionEvent
2025-12-07 22:32:06 - [32minfo[39m: [GrpcClient] TestSessionEvent request successful
]]>
</system-out>
</testcase>
<testcase name="fixture-based Main page test example › header switch btn should change theme color" classname="main-fixture.e2e.spec.ts" time="10.626">
<system-out>
<![CDATA[chromium
2025-12-07 22:32:17 - [32minfo[39m: [PlaywrightAutomationFramework] trackPlaywrightInstance: instance already exists
2025-12-07 22:32:17 - [32minfo[39m: [GrpcClient] Sending TestSessionEvent
2025-12-07 22:32:17 - [32minfo[39m: [GrpcClient] TestSessionEvent request successful
2025-12-07 22:32:17 - [32minfo[39m: [ObservabilityModule] onBeforeTest: TEST REPORTING AND ANALYTICS sync done
2025-12-07 22:32:17 - [32minfo[39m: [PlaywrightDriverModule] testId: 4c4954beab26506ff037-fa3044ae8da0e845a2d0
2025-12-07 22:32:17 - [32minfo[39m: [PlaywrightDriverModule] testData from onAfterTest: {
  uuid: '7ffb3855-52e8-4e8e-8bf7-1eee45103bc1',
  test_framework_name: 'Playwright',
  test_framework_version: '1.56.1',
  test_logs: [],
  test_hooks_finished: {},
  test_hooks_started: {},
  test_uuid: '7ffb3855-52e8-4e8e-8bf7-1eee45103bc1',
  test_result: 'pending',
  automate_session_name: 'fixture-based Main page test example - header switch btn should change theme color',
  test_file_path: 'D:\\other\\robot_dreams\\AQA-TypeScript\\lesson21-Test-Report\\playwright-fixture\\tests\\main-fixture.e2e.spec.ts',
  test_id: '4c4954beab26506ff037-fa3044ae8da0e845a2d0',
  test_name: 'header switch btn should change theme color',
  test_location: 'D:\\other\\robot_dreams\\AQA-TypeScript\\lesson21-Test-Report\\playwright-fixture\\tests\\main-fixture.e2e.spec.ts:92',
  test_code: 'async ({\n' +
    '    mainPage\n' +
    '  }) => {\n' +
    "    await _playwrightSite.test.step('check background color', async () => {\n" +
    "      const theme = await mainPage.htmlElement.getAttribute('data-theme-choice');\n" +
    "      (0, _test.expect)(theme).toBe('system');\n" +
    '    });\n' +
    '    await mainPage.page.screenshot({\n' +
    "      path: 'tests/screenshots/switch-mode-system-beginning.jpeg'\n" +
    '    });\n' +
    '    await mainPage.page.waitForTimeout(1000); // Waits for 1 seconds\n' +
    "    await _playwrightSite.test.step('click switch button', async () => {\n" +
    '      await mainPage.headerComponent.clickSwitchModesButton();\n' +
    '    });\n' +
    "    await _playwrightSite.test.step('check background color', async () => {\n" +
    "      const theme = await mainPage.htmlElement.getAttribute('data-theme-choice');\n" +
    "      (0, _test.expect)(theme).toBe('light');\n" +
    '    });\n' +
    '    await mainPage.page.screenshot({\n' +
    "      path: 'tests/screenshots/switch-mode-light.jpeg'\n" +
    '    });\n' +
    '    await mainPage.page.waitForTimeout(1000); // Waits for 1 seconds\n' +
    "    await _playwrightSite.test.step('click switch button', async () => {\n" +
    '      await mainPage.headerComponent.clickSwitchModesButton();\n' +
    '    });\n' +
    "    await _playwrightSite.test.step('check background color', async () => {\n" +
    "      const theme = await mainPage.htmlElement.getAttribute('data-theme-choice');\n" +
    "      (0, _test.expect)(theme).toBe('dark');\n" +
    '    });\n' +
    '    await mainPage.page.screenshot({\n' +
    "      path: 'tests/screenshots/switch-mode-dark.jpeg'\n" +
    '    });\n' +
    '    await mainPage.page.waitForTimeout(1000); // Waits for 1 seconds\n' +
    "    await _playwrightSite.test.step('click switch button', async () => {\n" +
    '      await mainPage.headerComponent.clickSwitchModesButton();\n' +
    '    });\n' +
    "    await _playwrightSite.test.step('check background color', async () => {\n" +
    "      const theme = await mainPage.htmlElement.getAttribute('data-theme-choice');\n" +
    "      (0, _test.expect)(theme).toBe('system');\n" +
    '    });\n' +
    '    await mainPage.page.screenshot({\n' +
    "      path: 'tests/screenshots/switch-mode-system-end.jpeg'\n" +
    '    });\n' +
    '    await mainPage.page.waitForTimeout(1000); // Waits for 1 seconds\n' +
    '  }',
  test_tags: [ 'fixture' ],
  test_started_at: '2025-12-07T20:32:07.468Z',
  test_scope: 'fixture-based Main page test example - header switch btn should change theme color',
  test_scopes: [ 'fixture-based Main page test example' ],
  test_rerun_name: ' -latest:Windows 10-browserstack main-fixture.e2e.spec.ts fixture-based Main page test example @fixture header switch btn should change theme color',
  attachments: [
    {
      name: 'screenshot',
      path: 'tests/screenshots/switch-mode-system-end.jpeg'
    },
    {
      name: 'screenshot',
      path: 'tests/screenshots/switch-mode-dark.jpeg'
    },
    {
      name: 'screenshot',
      path: 'tests/screenshots/switch-mode-light.jpeg'
    },
    {
      name: 'screenshot',
      path: 'tests/screenshots/switch-mode-system-beginning.jpeg'
    }
  ]
}
2025-12-07 22:32:17 - [32minfo[39m: [GrpcClient] Sending TestSessionEvent
2025-12-07 22:32:17 - [32minfo[39m: [GrpcClient] TestSessionEvent request successful
]]>
</system-out>
</testcase>
<testcase name="fixture-based Main page test example › modal search should be opened" classname="main-fixture.e2e.spec.ts" time="6.638">
<system-out>
<![CDATA[chromium
2025-12-07 22:32:23 - [32minfo[39m: [PlaywrightAutomationFramework] trackPlaywrightInstance: instance already exists
2025-12-07 22:32:23 - [32minfo[39m: [GrpcClient] Sending TestSessionEvent
2025-12-07 22:32:23 - [32minfo[39m: [GrpcClient] TestSessionEvent request successful
2025-12-07 22:32:24 - [32minfo[39m: [ObservabilityModule] onBeforeTest: TEST REPORTING AND ANALYTICS sync done
2025-12-07 22:32:24 - [32minfo[39m: [PlaywrightDriverModule] testId: 4c4954beab26506ff037-414cc18ad4cfbe0ebc91
2025-12-07 22:32:24 - [32minfo[39m: [PlaywrightDriverModule] testData from onAfterTest: {
  uuid: '0b31d68e-9997-474f-b539-f10c34faab98',
  test_framework_name: 'Playwright',
  test_framework_version: '1.56.1',
  test_logs: [],
  test_hooks_finished: {},
  test_hooks_started: {},
  test_uuid: '0b31d68e-9997-474f-b539-f10c34faab98',
  test_result: 'pending',
  automate_session_name: 'fixture-based Main page test example - modal search should be opened',
  test_file_path: 'D:\\other\\robot_dreams\\AQA-TypeScript\\lesson21-Test-Report\\playwright-fixture\\tests\\main-fixture.e2e.spec.ts',
  test_id: '4c4954beab26506ff037-414cc18ad4cfbe0ebc91',
  test_name: 'modal search should be opened',
  test_location: 'D:\\other\\robot_dreams\\AQA-TypeScript\\lesson21-Test-Report\\playwright-fixture\\tests\\main-fixture.e2e.spec.ts:128',
  test_code: 'async ({\n' +
    '    mainPage\n' +
    '  }) => {\n' +
    "    await _playwrightSite.test.step('click search button', async () => {\n" +
    '      await mainPage.headerComponent.clickSearchButton();\n' +
    '    });\n' +
    '    await mainPage.page.waitForTimeout(1000); // Waits for 1 seconds\n' +
    "    await _playwrightSite.test.step('check modal is opened', async () => {\n" +
    "      const inputData = 'assertions';\n" +
    '      await mainPage.modalComponent.fillSearchInput(inputData);\n' +
    '      await (0, _test.expect)(mainPage.modalComponent.searchInput).toHaveValue(inputData);\n' +
    '    });\n' +
    '    await mainPage.page.screenshot({\n' +
    "      path: 'tests/screenshots/modal-search-filled.jpeg'\n" +
    '    });\n' +
    '    await mainPage.page.waitForTimeout(1000); // Waits for 1 seconds\n' +
    '  }',
  test_tags: [ 'fixture' ],
  test_started_at: '2025-12-07T20:32:18.118Z',
  test_scope: 'fixture-based Main page test example - modal search should be opened',
  test_scopes: [ 'fixture-based Main page test example' ],
  test_rerun_name: ' -latest:Windows 10-browserstack main-fixture.e2e.spec.ts fixture-based Main page test example @fixture modal search should be opened',
  attachments: [
    {
      name: 'screenshot',
      path: 'tests/screenshots/modal-search-filled.jpeg'
    }
  ]
}
2025-12-07 22:32:24 - [32minfo[39m: [GrpcClient] Sending TestSessionEvent
2025-12-07 22:32:24 - [32minfo[39m: [GrpcClient] TestSessionEvent request successful
]]>
</system-out>
</testcase>
</testsuite>
<testsuite name="main-fixture.e2e.spec.ts" timestamp="2025-12-07T20:31:45.253Z" hostname="-Samsung Galaxy S22 Ultra:12.0-browserstack-mobile" tests="4" failures="4" skipped="0" time="5.385" errors="0">
<testcase name="fixture-based Main page test example › the main page should has title" classname="main-fixture.e2e.spec.ts" time="1.281">
<failure message="main-fixture.e2e.spec.ts:6:9 the main page should has title" type="FAILURE">
<![CDATA[  [-Samsung Galaxy S22 Ultra:12.0-browserstack-mobile] › main-fixture.e2e.spec.ts:6:9 › fixture-based Main page test example › the main page should has title @fixture 

    Error: androidDevice.launchBrowser: Executable doesn't exist at /nix/store/5ch3d3bq9dxfs48x8q5b4hxn88jyl0s9-playwright-1.56.1/node_modules/playwright-core/.local-browsers/ffmpeg-1011/ffmpeg-linux
    ╔═════════════════════════════════════════════════════════════════════════╗
    ║ Looks like Playwright Test or Playwright was just installed or updated. ║
    ║ Please run the following command to download new browsers:              ║
    ║                                                                         ║
    ║     npx playwright install                                              ║
    ║                                                                         ║
    ║ <3 Playwright Team                                                      ║
    ╚═════════════════════════════════════════════════════════════════════════╝

       at ..\src\fixtures\playwright-site.fixture.ts:12

      10 | export const test = base.extend<PlaywrightSiteFixture>({
      11 |     mainPage: async ({ browser, configService }, use) => {
    > 12 |         const context = await browser.newContext({
         |                         ^
      13 |             recordVideo: {
      14 |                 dir: 'test-results/videos'
      15 |             }
        at Object.mainPage (D:\other\robot_dreams\AQA-TypeScript\lesson21-Test-Report\playwright-fixture\src\fixtures\playwright-site.fixture.ts:12:25)
]]>
</failure>
<system-out>
<![CDATA[2025-12-07 22:31:49 - [32minfo[39m: [BrowserstackCLI] Starting as child process with session ID: 0295be51-b7d2-4853-b991-3dbf65bf96e4
2025-12-07 22:31:49 - [32minfo[39m: [BrowserstackCLI] startChild: client and channel already exist, stopping here
2025-12-07 22:31:49 - [32minfo[39m: [PlaywrightAutomationFramework] trackPlaywrightInstance: created instance for target=1728:0, state=AutomationFrameworkState.CREATE
2025-12-07 22:31:49 - [32minfo[39m: [PlaywrightAutomationFramework] trackPlaywrightInstance: saved instance contextId=4809322fde8cb7a0bdbed27db67d72232755620ce5e7b626adc8c39e51a4ec7b target=1728:0
2025-12-07 22:31:58 - [32minfo[39m: [PlaywrightAutomationFramework] trackPlaywrightInstance: instance already exists
2025-12-07 22:31:58 - [32minfo[39m: [PlaywrightAutomationFramework] trackPlaywrightInstance: instance already exists
2025-12-07 22:31:58 - [32minfo[39m: [GrpcClient] Sending DriverInit
2025-12-07 22:31:58 - [32minfo[39m: [GrpcClient] DriverInit request successful
chromium
2025-12-07 22:32:00 - [32minfo[39m: [PlaywrightAutomationFramework] trackPlaywrightInstance: instance already exists
2025-12-07 22:32:00 - [32minfo[39m: [PlaywrightDriverModule] testId: 4c4954beab26506ff037-ef4273f02eb0bc8fda92
2025-12-07 22:32:00 - [32minfo[39m: [PlaywrightDriverModule] testData from onAfterTest: {
  uuid: 'a1db70a9-9a7b-4954-89ec-e34f54b09b8f',
  test_framework_name: 'Playwright',
  test_framework_version: '1.56.1',
  test_logs: [],
  test_hooks_finished: {},
  test_hooks_started: {},
  test_uuid: 'a1db70a9-9a7b-4954-89ec-e34f54b09b8f',
  test_result: 'pending',
  automate_session_name: 'fixture-based Main page test example - the main page should has title',
  test_file_path: 'D:\\other\\robot_dreams\\AQA-TypeScript\\lesson21-Test-Report\\playwright-fixture\\tests\\main-fixture.e2e.spec.ts',
  test_id: '4c4954beab26506ff037-ef4273f02eb0bc8fda92',
  test_name: 'the main page should has title',
  test_location: 'D:\\other\\robot_dreams\\AQA-TypeScript\\lesson21-Test-Report\\playwright-fixture\\tests\\main-fixture.e2e.spec.ts:6',
  test_code: 'async ({\n' +
    '    mainPage\n' +
    '  }) => {\n' +
    "    await _playwrightSite.test.step('verify title on main page', async () => {\n" +
    "      await mainPage.verifyTitle('Fast and reliable end-to-end testing for modern web apps | Playwright');\n" +
    '    });\n' +
    '  }',
  test_tags: [ 'fixture' ],
  test_started_at: '2025-12-07T20:31:49.512Z',
  test_scope: 'fixture-based Main page test example - the main page should has title',
  test_scopes: [ 'fixture-based Main page test example' ],
  test_rerun_name: ' -Samsung Galaxy S22 Ultra:12.0-browserstack-mobile main-fixture.e2e.spec.ts fixture-based Main page test example @fixture the main page should has title'
}
2025-12-07 22:32:00 - [32minfo[39m: [GrpcClient] Sending TestSessionEvent
]]>
</system-out>
</testcase>
<testcase name="fixture-based Main page test example › the getStartedButton on main page should redirect to /docs/intro page" classname="main-fixture.e2e.spec.ts" time="1.45">
<failure message="main-fixture.e2e.spec.ts:12:9 the getStartedButton on main page should redirect to /docs/intro page" type="FAILURE">
<![CDATA[  [-Samsung Galaxy S22 Ultra:12.0-browserstack-mobile] › main-fixture.e2e.spec.ts:12:9 › fixture-based Main page test example › the getStartedButton on main page should redirect to /docs/intro page @fixture 

    Error: androidDevice.launchBrowser: Executable doesn't exist at /nix/store/5ch3d3bq9dxfs48x8q5b4hxn88jyl0s9-playwright-1.56.1/node_modules/playwright-core/.local-browsers/ffmpeg-1011/ffmpeg-linux
    ╔═════════════════════════════════════════════════════════════════════════╗
    ║ Looks like Playwright Test or Playwright was just installed or updated. ║
    ║ Please run the following command to download new browsers:              ║
    ║                                                                         ║
    ║     npx playwright install                                              ║
    ║                                                                         ║
    ║ <3 Playwright Team                                                      ║
    ╚═════════════════════════════════════════════════════════════════════════╝

       at ..\src\fixtures\playwright-site.fixture.ts:12

      10 | export const test = base.extend<PlaywrightSiteFixture>({
      11 |     mainPage: async ({ browser, configService }, use) => {
    > 12 |         const context = await browser.newContext({
         |                         ^
      13 |             recordVideo: {
      14 |                 dir: 'test-results/videos'
      15 |             }
        at Object.mainPage (D:\other\robot_dreams\AQA-TypeScript\lesson21-Test-Report\playwright-fixture\src\fixtures\playwright-site.fixture.ts:12:25)
]]>
</failure>
<system-out>
<![CDATA[2025-12-07 22:32:03 - [32minfo[39m: [BrowserstackCLI] Starting as child process with session ID: 0295be51-b7d2-4853-b991-3dbf65bf96e4
2025-12-07 22:32:03 - [32minfo[39m: [BrowserstackCLI] startChild: client and channel already exist, stopping here
2025-12-07 22:32:03 - [32minfo[39m: [PlaywrightAutomationFramework] trackPlaywrightInstance: created instance for target=23116:0, state=AutomationFrameworkState.CREATE
2025-12-07 22:32:03 - [32minfo[39m: [PlaywrightAutomationFramework] trackPlaywrightInstance: saved instance contextId=102da82baf73c54f360c4fcf2cb7c72bbf9974066cd656677c656af3f8cb6d24 target=23116:0
2025-12-07 22:32:11 - [32minfo[39m: [PlaywrightAutomationFramework] trackPlaywrightInstance: instance already exists
2025-12-07 22:32:11 - [32minfo[39m: [PlaywrightAutomationFramework] trackPlaywrightInstance: instance already exists
2025-12-07 22:32:11 - [32minfo[39m: [GrpcClient] Sending DriverInit
2025-12-07 22:32:11 - [32minfo[39m: [GrpcClient] DriverInit request successful
chromium
2025-12-07 22:32:12 - [32minfo[39m: [PlaywrightAutomationFramework] trackPlaywrightInstance: instance already exists
2025-12-07 22:32:12 - [32minfo[39m: [PlaywrightDriverModule] testId: 4c4954beab26506ff037-56b197e0a68d23287311
2025-12-07 22:32:12 - [32minfo[39m: [PlaywrightDriverModule] testData from onAfterTest: {
  uuid: '24ae0ce3-6cf7-4701-a35a-781d85a7789e',
  test_framework_name: 'Playwright',
  test_framework_version: '1.56.1',
  test_logs: [],
  test_hooks_finished: {},
  test_hooks_started: {},
  test_uuid: '24ae0ce3-6cf7-4701-a35a-781d85a7789e',
  test_result: 'pending',
  automate_session_name: 'fixture-based Main page test example - the getStartedButton on main page should redirect to /docs/intro page',
  test_file_path: 'D:\\other\\robot_dreams\\AQA-TypeScript\\lesson21-Test-Report\\playwright-fixture\\tests\\main-fixture.e2e.spec.ts',
  test_id: '4c4954beab26506ff037-56b197e0a68d23287311',
  test_name: 'the getStartedButton on main page should redirect to /docs/intro page',
  test_location: 'D:\\other\\robot_dreams\\AQA-TypeScript\\lesson21-Test-Report\\playwright-fixture\\tests\\main-fixture.e2e.spec.ts:12',
  test_code: 'async ({\n' +
    '    mainPage\n' +
    '  }) => {\n' +
    "    await _playwrightSite.test.step('click on getStarted button on main page', async () => {\n" +
    '      await mainPage.clickGetStarted();\n' +
    '    });\n' +
    "    await _playwrightSite.test.step('check redirect to /docs/intro page', async () => {\n" +
    "      await (0, _test.expect)(mainPage.page).toHaveURL('https://playwright.dev/docs/intro');\n" +
    '      // will it be better code bellow?\n' +
    "      await (0, _test.expect)(mainPage.page).toHaveTitle('Installation | Playwright');\n" +
    "      await (0, _test.expect)(mainPage.page.waitForURL('https://playwright.dev/docs/intro')).toBeTruthy();\n" +
    '    });\n' +
    "    await _playwrightSite.test.step('verify title on /docs/intro page', async () => {\n" +
    "      await mainPage.verifyTitle('Installation | Playwright');\n" +
    '      await mainPage.page.screenshot({\n' +
    "        path: 'tests/screenshots/getStartedButton-redirect-to-docs-intro.jpeg'\n" +
    '      });\n' +
    '    });\n' +
    '  }',
  test_tags: [ 'fixture' ],
  test_started_at: '2025-12-07T20:32:03.436Z',
  test_scope: 'fixture-based Main page test example - the getStartedButton on main page should redirect to /docs/intro page',
  test_scopes: [ 'fixture-based Main page test example' ],
  test_rerun_name: ' -Samsung Galaxy S22 Ultra:12.0-browserstack-mobile main-fixture.e2e.spec.ts fixture-based Main page test example @fixture the getStartedButton on main page should redirect to /docs/intro page'
}
2025-12-07 22:32:12 - [32minfo[39m: [GrpcClient] Sending TestSessionEvent
]]>
</system-out>
</testcase>
<testcase name="fixture-based Main page test example › header switch btn should change theme color" classname="main-fixture.e2e.spec.ts" time="1.39">
<failure message="main-fixture.e2e.spec.ts:92:9 header switch btn should change theme color" type="FAILURE">
<![CDATA[  [-Samsung Galaxy S22 Ultra:12.0-browserstack-mobile] › main-fixture.e2e.spec.ts:92:9 › fixture-based Main page test example › header switch btn should change theme color @fixture 

    Error: androidDevice.launchBrowser: Executable doesn't exist at /nix/store/5ch3d3bq9dxfs48x8q5b4hxn88jyl0s9-playwright-1.56.1/node_modules/playwright-core/.local-browsers/ffmpeg-1011/ffmpeg-linux
    ╔═════════════════════════════════════════════════════════════════════════╗
    ║ Looks like Playwright Test or Playwright was just installed or updated. ║
    ║ Please run the following command to download new browsers:              ║
    ║                                                                         ║
    ║     npx playwright install                                              ║
    ║                                                                         ║
    ║ <3 Playwright Team                                                      ║
    ╚═════════════════════════════════════════════════════════════════════════╝

       at ..\src\fixtures\playwright-site.fixture.ts:12

      10 | export const test = base.extend<PlaywrightSiteFixture>({
      11 |     mainPage: async ({ browser, configService }, use) => {
    > 12 |         const context = await browser.newContext({
         |                         ^
      13 |             recordVideo: {
      14 |                 dir: 'test-results/videos'
      15 |             }
        at Object.mainPage (D:\other\robot_dreams\AQA-TypeScript\lesson21-Test-Report\playwright-fixture\src\fixtures\playwright-site.fixture.ts:12:25)
]]>
</failure>
<system-out>
<![CDATA[2025-12-07 22:32:16 - [32minfo[39m: [BrowserstackCLI] Starting as child process with session ID: 0295be51-b7d2-4853-b991-3dbf65bf96e4
2025-12-07 22:32:16 - [32minfo[39m: [BrowserstackCLI] startChild: client and channel already exist, stopping here
2025-12-07 22:32:16 - [32minfo[39m: [PlaywrightAutomationFramework] trackPlaywrightInstance: created instance for target=24684:0, state=AutomationFrameworkState.CREATE
2025-12-07 22:32:16 - [32minfo[39m: [PlaywrightAutomationFramework] trackPlaywrightInstance: saved instance contextId=456282de85f89de466ad866d305d439d293bcda1bf3fde331c3e38da01480705 target=24684:0
2025-12-07 22:32:26 - [32minfo[39m: [PlaywrightAutomationFramework] trackPlaywrightInstance: instance already exists
2025-12-07 22:32:26 - [32minfo[39m: [PlaywrightAutomationFramework] trackPlaywrightInstance: instance already exists
2025-12-07 22:32:26 - [32minfo[39m: [GrpcClient] Sending DriverInit
2025-12-07 22:32:26 - [32minfo[39m: [GrpcClient] DriverInit request successful
chromium
2025-12-07 22:32:28 - [32minfo[39m: [PlaywrightAutomationFramework] trackPlaywrightInstance: instance already exists
2025-12-07 22:32:28 - [32minfo[39m: [PlaywrightDriverModule] testId: 4c4954beab26506ff037-ee90ff45eee307847755
2025-12-07 22:32:28 - [32minfo[39m: [PlaywrightDriverModule] testData from onAfterTest: {
  uuid: 'cec3eb03-29c3-438e-bf03-83aea619932e',
  test_framework_name: 'Playwright',
  test_framework_version: '1.56.1',
  test_logs: [],
  test_hooks_finished: {},
  test_hooks_started: {},
  test_uuid: 'cec3eb03-29c3-438e-bf03-83aea619932e',
  test_result: 'pending',
  automate_session_name: 'fixture-based Main page test example - header switch btn should change theme color',
  test_file_path: 'D:\\other\\robot_dreams\\AQA-TypeScript\\lesson21-Test-Report\\playwright-fixture\\tests\\main-fixture.e2e.spec.ts',
  test_id: '4c4954beab26506ff037-ee90ff45eee307847755',
  test_name: 'header switch btn should change theme color',
  test_location: 'D:\\other\\robot_dreams\\AQA-TypeScript\\lesson21-Test-Report\\playwright-fixture\\tests\\main-fixture.e2e.spec.ts:92',
  test_code: 'async ({\n' +
    '    mainPage\n' +
    '  }) => {\n' +
    "    await _playwrightSite.test.step('check background color', async () => {\n" +
    "      const theme = await mainPage.htmlElement.getAttribute('data-theme-choice');\n" +
    "      (0, _test.expect)(theme).toBe('system');\n" +
    '    });\n' +
    '    await mainPage.page.screenshot({\n' +
    "      path: 'tests/screenshots/switch-mode-system-beginning.jpeg'\n" +
    '    });\n' +
    '    await mainPage.page.waitForTimeout(1000); // Waits for 1 seconds\n' +
    "    await _playwrightSite.test.step('click switch button', async () => {\n" +
    '      await mainPage.headerComponent.clickSwitchModesButton();\n' +
    '    });\n' +
    "    await _playwrightSite.test.step('check background color', async () => {\n" +
    "      const theme = await mainPage.htmlElement.getAttribute('data-theme-choice');\n" +
    "      (0, _test.expect)(theme).toBe('light');\n" +
    '    });\n' +
    '    await mainPage.page.screenshot({\n' +
    "      path: 'tests/screenshots/switch-mode-light.jpeg'\n" +
    '    });\n' +
    '    await mainPage.page.waitForTimeout(1000); // Waits for 1 seconds\n' +
    "    await _playwrightSite.test.step('click switch button', async () => {\n" +
    '      await mainPage.headerComponent.clickSwitchModesButton();\n' +
    '    });\n' +
    "    await _playwrightSite.test.step('check background color', async () => {\n" +
    "      const theme = await mainPage.htmlElement.getAttribute('data-theme-choice');\n" +
    "      (0, _test.expect)(theme).toBe('dark');\n" +
    '    });\n' +
    '    await mainPage.page.screenshot({\n' +
    "      path: 'tests/screenshots/switch-mode-dark.jpeg'\n" +
    '    });\n' +
    '    await mainPage.page.waitForTimeout(1000); // Waits for 1 seconds\n' +
    "    await _playwrightSite.test.step('click switch button', async () => {\n" +
    '      await mainPage.headerComponent.clickSwitchModesButton();\n' +
    '    });\n' +
    "    await _playwrightSite.test.step('check background color', async () => {\n" +
    "      const theme = await mainPage.htmlElement.getAttribute('data-theme-choice');\n" +
    "      (0, _test.expect)(theme).toBe('system');\n" +
    '    });\n' +
    '    await mainPage.page.screenshot({\n' +
    "      path: 'tests/screenshots/switch-mode-system-end.jpeg'\n" +
    '    });\n' +
    '    await mainPage.page.waitForTimeout(1000); // Waits for 1 seconds\n' +
    '  }',
  test_tags: [ 'fixture' ],
  test_started_at: '2025-12-07T20:32:16.835Z',
  test_scope: 'fixture-based Main page test example - header switch btn should change theme color',
  test_scopes: [ 'fixture-based Main page test example' ],
  test_rerun_name: ' -Samsung Galaxy S22 Ultra:12.0-browserstack-mobile main-fixture.e2e.spec.ts fixture-based Main page test example @fixture header switch btn should change theme color'
}
2025-12-07 22:32:28 - [32minfo[39m: [GrpcClient] Sending TestSessionEvent
]]>
</system-out>
</testcase>
<testcase name="fixture-based Main page test example › modal search should be opened" classname="main-fixture.e2e.spec.ts" time="1.264">
<failure message="main-fixture.e2e.spec.ts:128:9 modal search should be opened" type="FAILURE">
<![CDATA[  [-Samsung Galaxy S22 Ultra:12.0-browserstack-mobile] › main-fixture.e2e.spec.ts:128:9 › fixture-based Main page test example › modal search should be opened @fixture 

    Error: androidDevice.launchBrowser: Executable doesn't exist at /nix/store/5ch3d3bq9dxfs48x8q5b4hxn88jyl0s9-playwright-1.56.1/node_modules/playwright-core/.local-browsers/ffmpeg-1011/ffmpeg-linux
    ╔═════════════════════════════════════════════════════════════════════════╗
    ║ Looks like Playwright Test or Playwright was just installed or updated. ║
    ║ Please run the following command to download new browsers:              ║
    ║                                                                         ║
    ║     npx playwright install                                              ║
    ║                                                                         ║
    ║ <3 Playwright Team                                                      ║
    ╚═════════════════════════════════════════════════════════════════════════╝

       at ..\src\fixtures\playwright-site.fixture.ts:12

      10 | export const test = base.extend<PlaywrightSiteFixture>({
      11 |     mainPage: async ({ browser, configService }, use) => {
    > 12 |         const context = await browser.newContext({
         |                         ^
      13 |             recordVideo: {
      14 |                 dir: 'test-results/videos'
      15 |             }
        at Object.mainPage (D:\other\robot_dreams\AQA-TypeScript\lesson21-Test-Report\playwright-fixture\src\fixtures\playwright-site.fixture.ts:12:25)
]]>
</failure>
<system-out>
<![CDATA[2025-12-07 22:32:30 - [32minfo[39m: [BrowserstackCLI] Starting as child process with session ID: 0295be51-b7d2-4853-b991-3dbf65bf96e4
2025-12-07 22:32:30 - [32minfo[39m: [BrowserstackCLI] startChild: client and channel already exist, stopping here
2025-12-07 22:32:30 - [32minfo[39m: [PlaywrightAutomationFramework] trackPlaywrightInstance: created instance for target=3372:0, state=AutomationFrameworkState.CREATE
2025-12-07 22:32:30 - [32minfo[39m: [PlaywrightAutomationFramework] trackPlaywrightInstance: saved instance contextId=fe818c1d01e086025beb0e4af3011c7fadc136c7d3dfdfca2e82366b2b6b8b8c target=3372:0
2025-12-07 22:32:39 - [32minfo[39m: [PlaywrightAutomationFramework] trackPlaywrightInstance: instance already exists
2025-12-07 22:32:39 - [32minfo[39m: [PlaywrightAutomationFramework] trackPlaywrightInstance: instance already exists
2025-12-07 22:32:39 - [32minfo[39m: [GrpcClient] Sending DriverInit
2025-12-07 22:32:39 - [32minfo[39m: [GrpcClient] DriverInit request successful
chromium
2025-12-07 22:32:41 - [32minfo[39m: [PlaywrightAutomationFramework] trackPlaywrightInstance: instance already exists
2025-12-07 22:32:41 - [32minfo[39m: [PlaywrightDriverModule] testId: 4c4954beab26506ff037-d3cb41dd706b3ba8c0f2
2025-12-07 22:32:41 - [32minfo[39m: [PlaywrightDriverModule] testData from onAfterTest: {
  uuid: '6723c939-904f-4c99-86bd-0e9db4016e6b',
  test_framework_name: 'Playwright',
  test_framework_version: '1.56.1',
  test_logs: [],
  test_hooks_finished: {},
  test_hooks_started: {},
  test_uuid: '6723c939-904f-4c99-86bd-0e9db4016e6b',
  test_result: 'pending',
  automate_session_name: 'fixture-based Main page test example - modal search should be opened',
  test_file_path: 'D:\\other\\robot_dreams\\AQA-TypeScript\\lesson21-Test-Report\\playwright-fixture\\tests\\main-fixture.e2e.spec.ts',
  test_id: '4c4954beab26506ff037-d3cb41dd706b3ba8c0f2',
  test_name: 'modal search should be opened',
  test_location: 'D:\\other\\robot_dreams\\AQA-TypeScript\\lesson21-Test-Report\\playwright-fixture\\tests\\main-fixture.e2e.spec.ts:128',
  test_code: 'async ({\n' +
    '    mainPage\n' +
    '  }) => {\n' +
    "    await _playwrightSite.test.step('click search button', async () => {\n" +
    '      await mainPage.headerComponent.clickSearchButton();\n' +
    '    });\n' +
    '    await mainPage.page.waitForTimeout(1000); // Waits for 1 seconds\n' +
    "    await _playwrightSite.test.step('check modal is opened', async () => {\n" +
    "      const inputData = 'assertions';\n" +
    '      await mainPage.modalComponent.fillSearchInput(inputData);\n' +
    '      await (0, _test.expect)(mainPage.modalComponent.searchInput).toHaveValue(inputData);\n' +
    '    });\n' +
    '    await mainPage.page.screenshot({\n' +
    "      path: 'tests/screenshots/modal-search-filled.jpeg'\n" +
    '    });\n' +
    '    await mainPage.page.waitForTimeout(1000); // Waits for 1 seconds\n' +
    '  }',
  test_tags: [ 'fixture' ],
  test_started_at: '2025-12-07T20:32:30.761Z',
  test_scope: 'fixture-based Main page test example - modal search should be opened',
  test_scopes: [ 'fixture-based Main page test example' ],
  test_rerun_name: ' -Samsung Galaxy S22 Ultra:12.0-browserstack-mobile main-fixture.e2e.spec.ts fixture-based Main page test example @fixture modal search should be opened'
}
2025-12-07 22:32:41 - [32minfo[39m: [GrpcClient] Sending TestSessionEvent
]]>
</system-out>
</testcase>
</testsuite>
</testsuites>