{
  "stats": {
    "suites": 12,
    "tests": 12,
    "passes": 12,
    "pending": 0,
    "failures": 0,
    "start": "2025-12-08T01:12:53.013Z",
    "end": "2025-12-08T01:12:53.049Z",
    "duration": 36,
    "testsRegistered": 12,
    "passPercent": 100,
    "pendingPercent": 0,
    "other": 0,
    "hasOther": false,
    "skipped": 0,
    "hasSkipped": false
  },
  "results": [
    {
      "uuid": "d2d3457c-4bed-4ed3-ba1c-1e41afdd7533",
      "title": "",
      "fullFile": "",
      "file": "",
      "beforeHooks": [],
      "afterHooks": [],
      "tests": [],
      "suites": [
        {
          "uuid": "293c608c-3689-40d0-8470-49e04ac01eed",
          "title": "-------- Classroom unit tests --------",
          "fullFile": "D:\\other\\robot_dreams\\AQA-TypeScript\\lesson21-Test-Report\\mocha\\specs\\classroom.spec.ts",
          "file": "\\specs\\classroom.spec.ts",
          "beforeHooks": [
            {
              "title": "\"before each\" hook in \"-------- Classroom unit tests --------\"",
              "fullTitle": "-------- Classroom unit tests -------- \"before each\" hook in \"-------- Classroom unit tests --------\"",
              "timedOut": false,
              "duration": 0,
              "state": null,
              "speed": null,
              "pass": false,
              "fail": false,
              "pending": false,
              "context": null,
              "code": "classroom=new import_classroom.Classroom(\"someClassRoom\",25)",
              "err": {},
              "uuid": "1381d44f-4c9d-43c7-861a-d12bcded4d28",
              "parentUUID": "293c608c-3689-40d0-8470-49e04ac01eed",
              "isHook": true,
              "skipped": false
            }
          ],
          "afterHooks": [],
          "tests": [],
          "suites": [
            {
              "uuid": "25e3c0e4-2197-40f3-a7bd-b4e10df1cf4a",
              "title": "Create classroom",
              "fullFile": "D:\\other\\robot_dreams\\AQA-TypeScript\\lesson21-Test-Report\\mocha\\specs\\classroom.spec.ts",
              "file": "\\specs\\classroom.spec.ts",
              "beforeHooks": [],
              "afterHooks": [],
              "tests": [
                {
                  "title": "should be created",
                  "fullTitle": "-------- Classroom unit tests -------- Create classroom should be created",
                  "timedOut": false,
                  "duration": 3,
                  "state": "passed",
                  "speed": "fast",
                  "pass": true,
                  "fail": false,
                  "pending": false,
                  "context": null,
                  "code": "(0,import_chai.expect)(classroom.freeTimes).to.deep.equal(import_abstraction.schedule);(0,import_chai.expect)(classroom.bookedTimes).to.deep.equal([])",
                  "err": {},
                  "uuid": "52cf9c9a-068d-4a8e-bbdf-a68fe2556ff4",
                  "parentUUID": "25e3c0e4-2197-40f3-a7bd-b4e10df1cf4a",
                  "isHook": false,
                  "skipped": false
                }
              ],
              "suites": [],
              "passes": [
                "52cf9c9a-068d-4a8e-bbdf-a68fe2556ff4"
              ],
              "failures": [],
              "pending": [],
              "skipped": [],
              "duration": 3,
              "root": false,
              "rootEmpty": false,
              "_timeout": 120000
            },
            {
              "uuid": "a7b928a6-09fd-4fe3-ae84-03695656af43",
              "title": "BookTime methods",
              "fullFile": "D:\\other\\robot_dreams\\AQA-TypeScript\\lesson21-Test-Report\\mocha\\specs\\classroom.spec.ts",
              "file": "\\specs\\classroom.spec.ts",
              "beforeHooks": [],
              "afterHooks": [],
              "tests": [
                {
                  "title": "should update freeTimes and bookedTimes properties",
                  "fullTitle": "-------- Classroom unit tests -------- BookTime methods should update freeTimes and bookedTimes properties",
                  "timedOut": false,
                  "duration": 0,
                  "state": "passed",
                  "speed": "fast",
                  "pass": true,
                  "fail": false,
                  "pending": false,
                  "context": null,
                  "code": "classroom.bookTime(\"11:00\");classroom.bookTime(\"15:00\");classroom.bookTime(\"19:00\");(0,import_chai.expect)(classroom.freeTimes).to.deep.equal([\"09:00\",\"13:00\",\"17:00\"]);(0,import_chai.expect)(classroom.bookedTimes).to.deep.equal([\"11:00\",\"15:00\",\"19:00\"])",
                  "err": {},
                  "uuid": "67fa86f6-5ad4-405f-96e3-d7d2c914af45",
                  "parentUUID": "a7b928a6-09fd-4fe3-ae84-03695656af43",
                  "isHook": false,
                  "skipped": false
                }
              ],
              "suites": [],
              "passes": [
                "67fa86f6-5ad4-405f-96e3-d7d2c914af45"
              ],
              "failures": [],
              "pending": [],
              "skipped": [],
              "duration": 0,
              "root": false,
              "rootEmpty": false,
              "_timeout": 120000
            },
            {
              "uuid": "33396686-11cf-47ad-aafd-0afa7c7fa0b3",
              "title": "FreeTime methods",
              "fullFile": "D:\\other\\robot_dreams\\AQA-TypeScript\\lesson21-Test-Report\\mocha\\specs\\classroom.spec.ts",
              "file": "\\specs\\classroom.spec.ts",
              "beforeHooks": [],
              "afterHooks": [],
              "tests": [
                {
                  "title": "should update freeTimes and bookedTimes properties",
                  "fullTitle": "-------- Classroom unit tests -------- FreeTime methods should update freeTimes and bookedTimes properties",
                  "timedOut": false,
                  "duration": 1,
                  "state": "passed",
                  "speed": "fast",
                  "pass": true,
                  "fail": false,
                  "pending": false,
                  "context": null,
                  "code": "class TestClassroom extends import_classroom.Classroom{static{__name(this,\"TestClassroom\")}callFreeTime(time){this.freeTime(time)}}const classroom1=new TestClassroom(\"someClassRoom\",25);classroom1.bookTime(\"11:00\");classroom1.bookTime(\"15:00\");classroom1.bookTime(\"19:00\");classroom1.callFreeTime(\"11:00\");classroom1.callFreeTime(\"15:00\");classroom1.callFreeTime(\"19:00\");(0,import_chai.expect)(classroom.freeTimes).to.deep.equal(import_abstraction.schedule);(0,import_chai.expect)(classroom.bookedTimes).to.deep.equal([])",
                  "err": {},
                  "uuid": "77781f59-5177-403d-b813-08d060dea7e4",
                  "parentUUID": "33396686-11cf-47ad-aafd-0afa7c7fa0b3",
                  "isHook": false,
                  "skipped": false
                }
              ],
              "suites": [],
              "passes": [
                "77781f59-5177-403d-b813-08d060dea7e4"
              ],
              "failures": [],
              "pending": [],
              "skipped": [],
              "duration": 1,
              "root": false,
              "rootEmpty": false,
              "_timeout": 120000
            }
          ],
          "passes": [],
          "failures": [],
          "pending": [],
          "skipped": [],
          "duration": 0,
          "root": false,
          "rootEmpty": false,
          "_timeout": 120000
        },
        {
          "uuid": "22d410e1-310b-48b6-bdba-1b751006a6ce",
          "title": "-------- Student unit tests --------",
          "fullFile": "D:\\other\\robot_dreams\\AQA-TypeScript\\lesson21-Test-Report\\mocha\\specs\\student.spec.ts",
          "file": "\\specs\\student.spec.ts",
          "beforeHooks": [
            {
              "title": "\"before each\" hook in \"-------- Student unit tests --------\"",
              "fullTitle": "-------- Student unit tests -------- \"before each\" hook in \"-------- Student unit tests --------\"",
              "timedOut": false,
              "duration": 0,
              "state": null,
              "speed": null,
              "pass": false,
              "fail": false,
              "pending": false,
              "context": null,
              "code": "student=new import_implementation.Student(\"John Doe\",20,{country:\"USA\",city:\"New York\"},import_abstraction.Level.junior)",
              "err": {},
              "uuid": "9cf371d8-7409-440e-b15f-a63e90f611a8",
              "parentUUID": "22d410e1-310b-48b6-bdba-1b751006a6ce",
              "isHook": true,
              "skipped": false
            }
          ],
          "afterHooks": [],
          "tests": [],
          "suites": [
            {
              "uuid": "79ee9af2-b258-4ccc-835d-d1958aca2a6c",
              "title": "Create student",
              "fullFile": "D:\\other\\robot_dreams\\AQA-TypeScript\\lesson21-Test-Report\\mocha\\specs\\student.spec.ts",
              "file": "\\specs\\student.spec.ts",
              "beforeHooks": [],
              "afterHooks": [],
              "tests": [
                {
                  "title": "should be created",
                  "fullTitle": "-------- Student unit tests -------- Create student should be created",
                  "timedOut": false,
                  "duration": 0,
                  "state": "passed",
                  "speed": "fast",
                  "pass": true,
                  "fail": false,
                  "pending": false,
                  "context": null,
                  "code": "(0,import_chai.expect)(student.id).to.equal(void 0);(0,import_chai.expect)(student.name).to.equal(\"John Doe\");(0,import_chai.expect)(student.age).to.equal(20);(0,import_chai.expect)(student.address).to.deep.equal({country:\"USA\",city:\"New York\"});(0,import_chai.expect)(student.level).to.equal(import_abstraction.Level.junior);(0,import_chai.expect)(student.courses).to.deep.equal([]);(0,import_chai.expect)(student.lessons).to.deep.equal([])",
                  "err": {},
                  "uuid": "842099dc-5d74-4152-af35-17552655df44",
                  "parentUUID": "79ee9af2-b258-4ccc-835d-d1958aca2a6c",
                  "isHook": false,
                  "skipped": false
                }
              ],
              "suites": [],
              "passes": [
                "842099dc-5d74-4152-af35-17552655df44"
              ],
              "failures": [],
              "pending": [],
              "skipped": [],
              "duration": 0,
              "root": false,
              "rootEmpty": false,
              "_timeout": 120000
            },
            {
              "uuid": "8c802713-c9af-4fc4-bad0-f1b407f2c8b5",
              "title": "takeCourse method",
              "fullFile": "D:\\other\\robot_dreams\\AQA-TypeScript\\lesson21-Test-Report\\mocha\\specs\\student.spec.ts",
              "file": "\\specs\\student.spec.ts",
              "beforeHooks": [],
              "afterHooks": [],
              "tests": [
                {
                  "title": "should return true",
                  "fullTitle": "-------- Student unit tests -------- takeCourse method should return true",
                  "timedOut": false,
                  "duration": 0,
                  "state": "passed",
                  "speed": "fast",
                  "pass": true,
                  "fail": false,
                  "pending": false,
                  "context": null,
                  "code": "const result=student.takeCourse(\"Math\");(0,import_chai.expect)(result).to.equal(true)",
                  "err": {},
                  "uuid": "94e16c53-69b9-4217-8984-62a96a495f96",
                  "parentUUID": "8c802713-c9af-4fc4-bad0-f1b407f2c8b5",
                  "isHook": false,
                  "skipped": false
                },
                {
                  "title": "courses property should contain course",
                  "fullTitle": "-------- Student unit tests -------- takeCourse method courses property should contain course",
                  "timedOut": false,
                  "duration": 0,
                  "state": "passed",
                  "speed": "fast",
                  "pass": true,
                  "fail": false,
                  "pending": false,
                  "context": null,
                  "code": "student.takeCourse(\"Math\");(0,import_chai.expect)(student.courses).to.deep.equal([\"Math\"])",
                  "err": {},
                  "uuid": "2fa250c0-3bd1-47a3-b886-1629fcf33fd6",
                  "parentUUID": "8c802713-c9af-4fc4-bad0-f1b407f2c8b5",
                  "isHook": false,
                  "skipped": false
                }
              ],
              "suites": [],
              "passes": [
                "94e16c53-69b9-4217-8984-62a96a495f96",
                "2fa250c0-3bd1-47a3-b886-1629fcf33fd6"
              ],
              "failures": [],
              "pending": [],
              "skipped": [],
              "duration": 0,
              "root": false,
              "rootEmpty": false,
              "_timeout": 120000
            },
            {
              "uuid": "4ff6c8af-32ce-4b17-b453-a72c6e81e24d",
              "title": "attendLesson method",
              "fullFile": "D:\\other\\robot_dreams\\AQA-TypeScript\\lesson21-Test-Report\\mocha\\specs\\student.spec.ts",
              "file": "\\specs\\student.spec.ts",
              "beforeHooks": [],
              "afterHooks": [],
              "tests": [
                {
                  "title": "should return true",
                  "fullTitle": "-------- Student unit tests -------- attendLesson method should return true",
                  "timedOut": false,
                  "duration": 0,
                  "state": "passed",
                  "speed": "fast",
                  "pass": true,
                  "fail": false,
                  "pending": false,
                  "context": null,
                  "code": "const result=student.attendLesson(lesson);(0,import_chai.expect)(result).to.equal(true)",
                  "err": {},
                  "uuid": "392d2163-ebfd-4436-a51c-3873e2a6074f",
                  "parentUUID": "4ff6c8af-32ce-4b17-b453-a72c6e81e24d",
                  "isHook": false,
                  "skipped": false
                },
                {
                  "title": "lessons property should contain lesson",
                  "fullTitle": "-------- Student unit tests -------- attendLesson method lessons property should contain lesson",
                  "timedOut": false,
                  "duration": 0,
                  "state": "passed",
                  "speed": "fast",
                  "pass": true,
                  "fail": false,
                  "pending": false,
                  "context": null,
                  "code": "student.attendLesson(lesson);(0,import_chai.expect)(student.lessons).to.deep.equal([lesson])",
                  "err": {},
                  "uuid": "924dcd10-fc72-4444-b4be-fd8ce607b233",
                  "parentUUID": "4ff6c8af-32ce-4b17-b453-a72c6e81e24d",
                  "isHook": false,
                  "skipped": false
                }
              ],
              "suites": [],
              "passes": [
                "392d2163-ebfd-4436-a51c-3873e2a6074f",
                "924dcd10-fc72-4444-b4be-fd8ce607b233"
              ],
              "failures": [],
              "pending": [],
              "skipped": [],
              "duration": 0,
              "root": false,
              "rootEmpty": false,
              "_timeout": 120000
            }
          ],
          "passes": [],
          "failures": [],
          "pending": [],
          "skipped": [],
          "duration": 0,
          "root": false,
          "rootEmpty": false,
          "_timeout": 120000
        },
        {
          "uuid": "0a62c318-436d-477c-a7ed-335b6cd5abef",
          "title": "-------- Teacher unit tests --------",
          "fullFile": "D:\\other\\robot_dreams\\AQA-TypeScript\\lesson21-Test-Report\\mocha\\specs\\teacher.spec.ts",
          "file": "\\specs\\teacher.spec.ts",
          "beforeHooks": [
            {
              "title": "\"before each\" hook in \"-------- Teacher unit tests --------\"",
              "fullTitle": "-------- Teacher unit tests -------- \"before each\" hook in \"-------- Teacher unit tests --------\"",
              "timedOut": false,
              "duration": 0,
              "state": null,
              "speed": null,
              "pass": false,
              "fail": false,
              "pending": false,
              "context": null,
              "code": "teacher=new import_implementation.Teacher(\"John Doe\",40,\"Math\",10)",
              "err": {},
              "uuid": "4bdc2085-86e0-46c0-9cce-8e14d2a38c3e",
              "parentUUID": "0a62c318-436d-477c-a7ed-335b6cd5abef",
              "isHook": true,
              "skipped": false
            }
          ],
          "afterHooks": [],
          "tests": [],
          "suites": [
            {
              "uuid": "c5059a92-796f-4d58-aed9-08bb037af52a",
              "title": "Create teacher",
              "fullFile": "D:\\other\\robot_dreams\\AQA-TypeScript\\lesson21-Test-Report\\mocha\\specs\\teacher.spec.ts",
              "file": "\\specs\\teacher.spec.ts",
              "beforeHooks": [],
              "afterHooks": [],
              "tests": [
                {
                  "title": "should be created",
                  "fullTitle": "-------- Teacher unit tests -------- Create teacher should be created",
                  "timedOut": false,
                  "duration": 0,
                  "state": "passed",
                  "speed": "fast",
                  "pass": true,
                  "fail": false,
                  "pending": false,
                  "context": null,
                  "code": "(0,import_chai.expect)(teacher.id).to.equal(void 0);(0,import_chai.expect)(teacher.name).to.equal(\"John Doe\");(0,import_chai.expect)(teacher.age).to.equal(40);(0,import_chai.expect)(teacher.subject).to.equal(\"Math\");(0,import_chai.expect)(teacher.experience).to.equal(10)",
                  "err": {},
                  "uuid": "3a6ee1f0-d10b-490b-8439-9f1e6fe833ce",
                  "parentUUID": "c5059a92-796f-4d58-aed9-08bb037af52a",
                  "isHook": false,
                  "skipped": false
                }
              ],
              "suites": [],
              "passes": [
                "3a6ee1f0-d10b-490b-8439-9f1e6fe833ce"
              ],
              "failures": [],
              "pending": [],
              "skipped": [],
              "duration": 0,
              "root": false,
              "rootEmpty": false,
              "_timeout": 120000
            },
            {
              "uuid": "d21ac4bc-9265-4f94-b287-b591e9ea07b9",
              "title": "bookClassroom method",
              "fullFile": "D:\\other\\robot_dreams\\AQA-TypeScript\\lesson21-Test-Report\\mocha\\specs\\teacher.spec.ts",
              "file": "\\specs\\teacher.spec.ts",
              "beforeHooks": [],
              "afterHooks": [],
              "tests": [
                {
                  "title": "should return true",
                  "fullTitle": "-------- Teacher unit tests -------- bookClassroom method should return true",
                  "timedOut": false,
                  "duration": 1,
                  "state": "passed",
                  "speed": "fast",
                  "pass": true,
                  "fail": false,
                  "pending": false,
                  "context": null,
                  "code": "const mathClassRoom=new import_implementation.Classroom(\"Math\",30);const result=teacher.bookClassroom(mathClassRoom,\"11:00\");(0,import_chai.expect)(result).to.equal(true)",
                  "err": {},
                  "uuid": "ac210a1d-0ae9-4160-a7f6-b2eff2a38b73",
                  "parentUUID": "d21ac4bc-9265-4f94-b287-b591e9ea07b9",
                  "isHook": false,
                  "skipped": false
                }
              ],
              "suites": [],
              "passes": [
                "ac210a1d-0ae9-4160-a7f6-b2eff2a38b73"
              ],
              "failures": [],
              "pending": [],
              "skipped": [],
              "duration": 1,
              "root": false,
              "rootEmpty": false,
              "_timeout": 120000
            },
            {
              "uuid": "f0f2632e-b2e7-4519-aa7b-8b92966344fa",
              "title": "giveLesson method",
              "fullFile": "D:\\other\\robot_dreams\\AQA-TypeScript\\lesson21-Test-Report\\mocha\\specs\\teacher.spec.ts",
              "file": "\\specs\\teacher.spec.ts",
              "beforeHooks": [],
              "afterHooks": [],
              "tests": [
                {
                  "title": "should return true",
                  "fullTitle": "-------- Teacher unit tests -------- giveLesson method should return true",
                  "timedOut": false,
                  "duration": 1,
                  "state": "passed",
                  "speed": "fast",
                  "pass": true,
                  "fail": false,
                  "pending": false,
                  "context": null,
                  "code": "const student1=new import_implementation.Student(\"John Doe\",18,{country:\"USA\",city:\"New York\"},import_abstraction.Level.junior);const student2=new import_implementation.Student(\"Jane Doe\",19,{country:\"USA\",city:\"Texas\"},import_abstraction.Level.sophomore);const lesson=new import_implementation.Lesson(\"Math\",teacher,[student1,student2],mathClassRoom,new Date);const result=teacher.giveLesson(lesson);(0,import_chai.expect)(result).to.equal(true)",
                  "err": {},
                  "uuid": "1b0cc57f-181d-46ca-b60e-2f257e02cca8",
                  "parentUUID": "f0f2632e-b2e7-4519-aa7b-8b92966344fa",
                  "isHook": false,
                  "skipped": false
                },
                {
                  "title": "every student should attend lesson",
                  "fullTitle": "-------- Teacher unit tests -------- giveLesson method every student should attend lesson",
                  "timedOut": false,
                  "duration": 0,
                  "state": "passed",
                  "speed": "fast",
                  "pass": true,
                  "fail": false,
                  "pending": false,
                  "context": null,
                  "code": "const student1=new import_implementation.Student(\"John Doe\",18,{country:\"USA\",city:\"New York\"},import_abstraction.Level.junior);const student2=new import_implementation.Student(\"Jane Doe\",19,{country:\"USA\",city:\"Texas\"},import_abstraction.Level.sophomore);const lesson=new import_implementation.Lesson(\"Math\",teacher,[student1,student2],mathClassRoom,new Date);teacher.giveLesson(lesson);(0,import_chai.expect)(student1.lessons).to.deep.equal([lesson]);(0,import_chai.expect)(student2.lessons).to.deep.equal([lesson])",
                  "err": {},
                  "uuid": "fc2851ee-46a3-47b8-a553-74e6a435f9a1",
                  "parentUUID": "f0f2632e-b2e7-4519-aa7b-8b92966344fa",
                  "isHook": false,
                  "skipped": false
                }
              ],
              "suites": [],
              "passes": [
                "1b0cc57f-181d-46ca-b60e-2f257e02cca8",
                "fc2851ee-46a3-47b8-a553-74e6a435f9a1"
              ],
              "failures": [],
              "pending": [],
              "skipped": [],
              "duration": 1,
              "root": false,
              "rootEmpty": false,
              "_timeout": 120000
            }
          ],
          "passes": [],
          "failures": [],
          "pending": [],
          "skipped": [],
          "duration": 0,
          "root": false,
          "rootEmpty": false,
          "_timeout": 120000
        }
      ],
      "passes": [],
      "failures": [],
      "pending": [],
      "skipped": [],
      "duration": 0,
      "root": true,
      "rootEmpty": true,
      "_timeout": 120000
    }
  ],
  "meta": {
    "mocha": {
      "version": "11.7.4"
    },
    "mochawesome": {
      "options": {
        "quiet": false,
        "reportFilename": "mochawesome",
        "saveHtml": true,
        "saveJson": true,
        "consoleReporter": "spec",
        "useInlineDiffs": false,
        "code": true
      },
      "version": "7.1.4"
    },
    "marge": {
      "options": null,
      "version": "6.3.2"
    }
  }
}