{"stats":{"suites":1,"tests":13,"testsRegistered":13,"passes":13,"pending":0,"failures":0,"start":"2025-12-08T01:24:04.415Z","end":"2025-12-08T01:24:04.433Z","duration":18,"passPercent":100,"pendingPercent":0,"other":0,"hasOther":false,"skipped":0,"hasSkipped":false},"results":[{"title":"-------- College unit tests --------","suites":[],"tests":[{"title":"-------- College unit tests -------- > Create college > should be created","fullTitle":"-------- College unit tests -------- Create college should be created","timedOut":false,"duration":7,"pass":true,"fail":false,"pending":false,"code":"","uuid":"6d5742c3-0b56-45e9-9e36-27f1fd6a465a","parentUUID":"7361c952-8915-49cb-b9e3-5a84d6fbb722","skipped":false,"isHook":false,"err":{}},{"title":"-------- College unit tests -------- > addTeacher method > should return id of added teacher","fullTitle":"-------- College unit tests -------- addTeacher method should return id of added teacher","timedOut":false,"duration":1,"pass":true,"fail":false,"pending":false,"code":"","uuid":"bbeb03d2-aebb-478a-bd8a-60badeaead60","parentUUID":"7361c952-8915-49cb-b9e3-5a84d6fbb722","skipped":false,"isHook":false,"err":{}},{"title":"-------- College unit tests -------- > addTeacher method > teachers property should contain teacher","fullTitle":"-------- College unit tests -------- addTeacher method teachers property should contain teacher","timedOut":false,"duration":1,"pass":true,"fail":false,"pending":false,"code":"","uuid":"66b2b401-2bf0-4d13-b108-d1e2c8778aee","parentUUID":"7361c952-8915-49cb-b9e3-5a84d6fbb722","skipped":false,"isHook":false,"err":{}},{"title":"-------- College unit tests -------- > addStudent method > should return id of added student","fullTitle":"-------- College unit tests -------- addStudent method should return id of added student","timedOut":false,"duration":1,"pass":true,"fail":false,"pending":false,"code":"","uuid":"1a87a6bb-32d6-47e9-9902-7a2aa31202ca","parentUUID":"7361c952-8915-49cb-b9e3-5a84d6fbb722","skipped":false,"isHook":false,"err":{}},{"title":"-------- College unit tests -------- > addStudent method > students property should contain student","fullTitle":"-------- College unit tests -------- addStudent method students property should contain student","timedOut":false,"duration":0,"pass":true,"fail":false,"pending":false,"code":"","uuid":"e1177051-2862-41f4-9b49-a62086f2017b","parentUUID":"7361c952-8915-49cb-b9e3-5a84d6fbb722","skipped":false,"isHook":false,"err":{}},{"title":"-------- College unit tests -------- > addClassroom method > should return id of added classroom","fullTitle":"-------- College unit tests -------- addClassroom method should return id of added classroom","timedOut":false,"duration":0,"pass":true,"fail":false,"pending":false,"code":"","uuid":"7dc0806f-8e77-4a6d-bd6b-1e1c71ded817","parentUUID":"7361c952-8915-49cb-b9e3-5a84d6fbb722","skipped":false,"isHook":false,"err":{}},{"title":"-------- College unit tests -------- > addClassroom method > classrooms property should contain classroom","fullTitle":"-------- College unit tests -------- addClassroom method classrooms property should contain classroom","timedOut":false,"duration":1,"pass":true,"fail":false,"pending":false,"code":"","uuid":"c37b635c-a5e0-4d75-bf8c-073daf02403e","parentUUID":"7361c952-8915-49cb-b9e3-5a84d6fbb722","skipped":false,"isHook":false,"err":{}},{"title":"-------- College unit tests -------- > getTeacherById method > should return teacher","fullTitle":"-------- College unit tests -------- getTeacherById method should return teacher","timedOut":false,"duration":2,"pass":true,"fail":false,"pending":false,"code":"","uuid":"7056a6ec-3b88-4935-8eca-1194bd6bf23e","parentUUID":"7361c952-8915-49cb-b9e3-5a84d6fbb722","skipped":false,"isHook":false,"err":{}},{"title":"-------- College unit tests -------- > getStudentById method > should return student","fullTitle":"-------- College unit tests -------- getStudentById method should return student","timedOut":false,"duration":1,"pass":true,"fail":false,"pending":false,"code":"","uuid":"951a462b-ae38-4599-be3b-a6280446d98d","parentUUID":"7361c952-8915-49cb-b9e3-5a84d6fbb722","skipped":false,"isHook":false,"err":{}},{"title":"-------- College unit tests -------- > getClassroomById method > should return classroom","fullTitle":"-------- College unit tests -------- getClassroomById method should return classroom","timedOut":false,"duration":1,"pass":true,"fail":false,"pending":false,"code":"","uuid":"3c25bdb3-f515-4d54-8b1f-67b55f2e8865","parentUUID":"7361c952-8915-49cb-b9e3-5a84d6fbb722","skipped":false,"isHook":false,"err":{}},{"title":"-------- College unit tests -------- > getTeachers method > should return all teachers of college","fullTitle":"-------- College unit tests -------- getTeachers method should return all teachers of college","timedOut":false,"duration":1,"pass":true,"fail":false,"pending":false,"code":"","uuid":"14f0c157-154d-49e7-885f-7361efb0ac21","parentUUID":"7361c952-8915-49cb-b9e3-5a84d6fbb722","skipped":false,"isHook":false,"err":{}},{"title":"-------- College unit tests -------- > getStudents method > should return all students of college","fullTitle":"-------- College unit tests -------- getStudents method should return all students of college","timedOut":false,"duration":1,"pass":true,"fail":false,"pending":false,"code":"","uuid":"d2a94adb-68f6-4560-b910-b7ae357f72e8","parentUUID":"7361c952-8915-49cb-b9e3-5a84d6fbb722","skipped":false,"isHook":false,"err":{}},{"title":"-------- College unit tests -------- > getClassrooms method > should return all classrooms of college","fullTitle":"-------- College unit tests -------- getClassrooms method should return all classrooms of college","timedOut":false,"duration":1,"pass":true,"fail":false,"pending":false,"code":"","uuid":"a06ef00f-ea04-450a-b2cc-2e8172f005fd","parentUUID":"7361c952-8915-49cb-b9e3-5a84d6fbb722","skipped":false,"isHook":false,"err":{}}],"pending":[],"root":false,"uuid":"7361c952-8915-49cb-b9e3-5a84d6fbb722","_timeout":5000,"fullFile":"D:\\other\\robot_dreams\\AQA-TypeScript\\lesson21-Test-Report\\jest\\specs\\college.ts","file":"D:\\other\\robot_dreams\\AQA-TypeScript\\lesson21-Test-Report\\jest\\specs\\college.ts","beforeHooks":[],"afterHooks":[],"passes":["6d5742c3-0b56-45e9-9e36-27f1fd6a465a","bbeb03d2-aebb-478a-bd8a-60badeaead60","66b2b401-2bf0-4d13-b108-d1e2c8778aee","1a87a6bb-32d6-47e9-9902-7a2aa31202ca","e1177051-2862-41f4-9b49-a62086f2017b","7dc0806f-8e77-4a6d-bd6b-1e1c71ded817","c37b635c-a5e0-4d75-bf8c-073daf02403e","7056a6ec-3b88-4935-8eca-1194bd6bf23e","951a462b-ae38-4599-be3b-a6280446d98d","3c25bdb3-f515-4d54-8b1f-67b55f2e8865","14f0c157-154d-49e7-885f-7361efb0ac21","d2a94adb-68f6-4560-b910-b7ae357f72e8","a06ef00f-ea04-450a-b2cc-2e8172f005fd"],"failures":[],"skipped":[],"duration":3586}]}